manifest-merger-release-report.txt
-- Merging decision tree log ---
manifest
ADDED from AndroidManifest.xml:2:1
	xmlns:android
		ADDED from AndroidManifest.xml:2:11
	package
		ADDED from AndroidManifest.xml:3:5
		INJECTED from AndroidManifest.xml:0:0
		INJECTED from AndroidManifest.xml:0:0
	android:versionName
		ADDED from AndroidManifest.xml:5:5
	android:versionCode
		ADDED from AndroidManifest.xml:4:5
		INJECTED from AndroidManifest.xml:0:0
		INJECTED from AndroidManifest.xml:0:0
uses-sdk
ADDED from AndroidManifest.xml:7:5
	android:targetSdkVersion
		ADDED from AndroidManifest.xml:9:9
		INJECTED from AndroidManifest.xml:0:0
		INJECTED from AndroidManifest.xml:0:0
	android:minSdkVersion
		ADDED from AndroidManifest.xml:8:9
		INJECTED from AndroidManifest.xml:0:0
		INJECTED from AndroidManifest.xml:0:0
uses-permission#android.permission.INTERNET
ADDED from AndroidManifest.xml:10:5
	android:name
		ADDED from AndroidManifest.xml:10:22
application
ADDED from AndroidManifest.xml:12:5
	android:label
		ADDED from AndroidManifest.xml:15:9
	android:allowBackup
		ADDED from AndroidManifest.xml:13:9
	android:icon
		ADDED from AndroidManifest.xml:14:9
	android:theme
		ADDED from AndroidManifest.xml:16:9
	android:largeHeap
		ADDED from AndroidManifest.xml:17:9
activity#com.example.musicplayernavigation.EntryActivity
ADDED from AndroidManifest.xml:18:9
	android:label
		ADDED from AndroidManifest.xml:20:13
	android:name
		ADDED from AndroidManifest.xml:19:13
intent-filter#android.intent.action.MAIN+android.intent.category.LAUNCHER
ADDED from AndroidManifest.xml:21:13
action#android.intent.action.MAIN
ADDED from AndroidManifest.xml:22:17
	android:name
		ADDED from AndroidManifest.xml:22:25
category#android.intent.category.LAUNCHER
ADDED from AndroidManifest.xml:24:17
	android:name
		ADDED from AndroidManifest.xml:24:27
activity#com.example.musicplayernavigation.AlbumsActivity
ADDED from AndroidManifest.xml:28:9
	android:label
		ADDED from AndroidManifest.xml:29:4
	android:name
		ADDED from AndroidManifest.xml:30:4
intent-filter#android.intent.category.DEFAULT+com.example.AlbumsActivity
ADDED from AndroidManifest.xml:31:4
action#com.example.AlbumsActivity
ADDED from AndroidManifest.xml:32:5
	android:name
		ADDED from AndroidManifest.xml:32:13
category#android.intent.category.DEFAULT
ADDED from AndroidManifest.xml:33:5
	android:name
		ADDED from AndroidManifest.xml:33:15
activity#com.example.musicplayernavigation.ArtistsActivity
ADDED from AndroidManifest.xml:37:9
	android:label
		ADDED from AndroidManifest.xml:38:4
	android:name
		ADDED from AndroidManifest.xml:39:4
intent-filter#android.intent.category.DEFAULT+com.example.ArtistsActivity
ADDED from AndroidManifest.xml:40:4
action#com.example.ArtistsActivity
ADDED from AndroidManifest.xml:41:5
	android:name
		ADDED from AndroidManifest.xml:41:13
activity#com.example.musicplayernavigation.SongsActivity
ADDED from AndroidManifest.xml:46:9
	android:label
		ADDED from AndroidManifest.xml:47:4
	android:name
		ADDED from AndroidManifest.xml:48:4
intent-filter#android.intent.category.DEFAULT+com.example.SongsActivity
ADDED from AndroidManifest.xml:49:4
action#com.example.SongsActivity
ADDED from AndroidManifest.xml:50:5
	android:name
		ADDED from AndroidManifest.xml:50:13
activity#com.example.musicplayernavigation.PlayerActivity
ADDED from AndroidManifest.xml:55:9
	android:label
		ADDED from AndroidManifest.xml:56:4
	android:name
		ADDED from AndroidManifest.xml:57:4
intent-filter#android.intent.category.DEFAULT+com.example.PlayerActivity
ADDED from AndroidManifest.xml:58:4
action#com.example.PlayerActivity
ADDED from AndroidManifest.xml:59:5
	android:name
		ADDED from AndroidManifest.xml:59:13
service#com.example.musicplayernavigation.PlayerService
ADDED from AndroidManifest.xml:64:9
	android:name
		ADDED from AndroidManifest.xml:64:18
service#com.example.musicplayernavigation.LibraryService
ADDED from AndroidManifest.xml:65:9
	android:name
		ADDED from AndroidManifest.xml:65:18